\BOOKMARK [1][-]{section.1}{\376\377\000F\000o\000r\000\040\000e\000a\000c\000h\000\040\000o\000f\000\040\000t\000h\000e\000\040\000f\000o\000l\000l\000o\000w\000i\000n\000g\000\040\000p\000o\000i\000n\000t\000s\000\040\000f\000i\000n\000d\000:}{}% 1
\BOOKMARK [2][-]{subsection.1.1}{\376\377\000\050\000-\0002\000,\000\040\0001\0000\000\051\000,\000\050\0005\000,\000\040\0003\000\051}{section.1}% 2
\BOOKMARK [2][-]{subsection.1.2}{\376\377\000\050\0006\000,\000\040\000-\0002\000\051\000,\000\050\0008\000,\000\040\000-\0003\000\051}{section.1}% 3
\BOOKMARK [2][-]{subsection.1.3}{\376\377\000\050\0000\000,\000\040\000-\0006\000\051\000,\000\050\0003\000,\000\040\0000\000\051}{section.1}% 4
\BOOKMARK [2][-]{subsection.1.4}{\376\377\000\050\0001\000,\000\040\000-\0007\000\051\000,\000\050\0009\000,\000\040\0000\000\051}{section.1}% 5
\BOOKMARK [2][-]{subsection.1.5}{\376\377\000\050\0000\000,\000\040\0009\000\051\000,\000\050\0005\000,\000\040\000-\0006\000\051}{section.1}% 6
\BOOKMARK [2][-]{subsection.1.6}{\376\377\000\050\0005\000,\000\040\000-\0002\000\051\000,\000\050\0004\000,\000-\0002\000\051}{section.1}% 7
\BOOKMARK [1][-]{section.2}{}{}% 8
\BOOKMARK [2][-]{subsection.2.1}{\376\377\000R\000e\000f\000e\000r\000\040\000t\000o\000\040\000t\000h\000e\000\040\000a\000b\000o\000v\000e\000,\000\040\000d\000e\000t\000e\000r\000m\000i\000n\000e\000\040\000t\000h\000e\000\040\000e\000q\000u\000a\000t\000i\000o\000n\000\040\000o\000f\000\040\000t\000h\000e\000\040\000l\000i\000n\000e\000\040\000t\000h\000a\000t\000\040\000i\000s\000\040\000p\000a\000r\000a\000l\000l\000e\000l\000\040\000t\000o\000\040\000[\000s\000u\000b\000s\000e\000c\000t\000i\000o\000n\000:\0001\000.\0001\000]\000\050\0001\000.\0001\000\051\000\040\000b\000u\000t\000\040\000p\000a\000s\000s\000e\000s\000\040\000t\000h\000r\000o\000u\000g\000h\000\040\000\050\0003\000,\000\040\000-\0002\000\051}{section.2}% 9
\BOOKMARK [2][-]{subsection.2.2}{\376\377\000D\000e\000t\000e\000r\000m\000i\000n\000e\000\040\000t\000h\000e\000\040\000e\000q\000u\000a\000t\000i\000o\000n\000\040\000o\000f\000\040\000t\000h\000e\000\040\000l\000i\000n\000e\000\040\000t\000h\000a\000t\000\040\000i\000s\000\040\000p\000e\000r\000p\000e\000n\000d\000i\000c\000u\000l\000a\000r\000\040\000t\000o\000\040\000[\000s\000u\000b\000s\000e\000c\000t\000i\000o\000n\000:\0001\000.\0001\000]\000\050\0001\000.\0001\000\051\000\040\000b\000i\000t\000\040\000p\000a\000s\000s\000e\000s\000\040\000t\000h\000r\000o\000u\000g\000h\000\040\000\050\0001\0000\000,\000\040\0003\000\051}{section.2}% 10
\BOOKMARK [1][-]{section.3}{\376\377\000T\000w\000o\000\040\000p\000o\000i\000n\000t\000s\000\040\000o\000n\000\040\000a\000\040\000s\000t\000r\000a\000i\000g\000h\000t\000\040\000l\000i\000n\000e\000\040\000a\000r\000e\000\040\000P\000\050\0006\000,\000\040\0001\0000\000\051\000\040\000a\000n\000d\000\040\000Q\000\050\000-\0004\000,\000\040\000-\0006\000\051\000.\000\040\000D\000e\000t\000e\000r\000m\000i\000n\000e\000:}{}% 11
\BOOKMARK [1][-]{section.4}{\376\377\000F\000o\000r\000\040\000e\000a\000c\000h\000\040\000o\000f\000\040\000t\000h\000e\000\040\000f\000o\000l\000l\000o\000w\000i\000n\000g\000,\000\040\000i\000f\000\040\000p\000o\000s\000s\000i\000b\000l\000e\000,\000\040\000f\000i\000n\000d\000\040\000t\000h\000e\000\040\000s\000l\000o\000p\000e\000,\000\040\000t\000h\000e\000\040\000y\000-\000i\000n\000t\000e\000r\000c\000e\000p\000t\000\040\000a\000n\000d\000\040\000t\000h\000e\000\040\000x\000-\000i\000n\000t\000e\000r\000c\000e\000p\000t}{}% 12
\BOOKMARK [2][-]{subsection.4.1}{\376\377\000y\000=\0004\000x\000-\0006}{section.4}% 13
\BOOKMARK [2][-]{subsection.4.2}{\376\377\0003\000x\000+\0005\000y\000-\0009\000=\0000}{section.4}% 14
\BOOKMARK [2][-]{subsection.4.3}{\376\377\000y\000=\0003\000x}{section.4}% 15
\BOOKMARK [2][-]{subsection.4.4}{\376\377\000y\000-\0007\000=\0003\000\050\000x\000-\0004\000\051}{section.4}% 16
\BOOKMARK [2][-]{subsection.4.5}{\376\377\000y\000+\0004\000=\0007}{section.4}% 17
\BOOKMARK [2][-]{subsection.4.6}{\376\377\000y\000=\0003\000x}{section.4}% 18
\BOOKMARK [2][-]{subsection.4.7}{\376\377\0006\000y\000-\0002\0004\000=\0000}{section.4}% 19
\BOOKMARK [2][-]{subsection.4.8}{\376\377\0002\000x\000=\0005\000-\0003\000y}{section.4}% 20
\BOOKMARK [2][-]{subsection.4.9}{\376\377\000-\000x\0002\000+\0002\000y\0003\000=\000-\0004\0003\0003}{section.4}% 21
\BOOKMARK [2][-]{subsection.4.10}{\376\377\000y\000=\0001\0003\0000\0000\000x\000+\0008}{section.4}% 22
